Build started 16-10-2017 23:04:10.
     1>Project "D:\MS\Clemson_2017\Clemson_ECE_C88650674\ECE_6310_Intro_to_CV\Class_12\lab4\code_shashi\plus\plus.vcxproj" on node 2 (build target(s)).
     1>InitializeBuildStatus:
         Touching ".\Debug\plus.unsuccessfulbuild".
       ClCompile:
         C:\Program Files (x86)\Microsoft Visual Studio 10.0\VC\bin\CL.exe /c /ZI /nologo /W3 /WX- /Od /Oy- /D WIN32 /D _DEBUG /D _WINDOWS /D _VC80_UPGRADE=0x0600 /D _MBCS /Gm /EHsc /RTC1 /MTd /GS /fp:precise /Zc:wchar_t /Zc:forScope /Fo".\Debug/" /Fd".\Debug/vc100.pdb" /Gd /TC /analyze- /errorReport:prompt main.c
         main.c
     1>d:\ms\clemson_2017\clemson_ece_c88650674\ece_6310_intro_to_cv\class_12\lab4\code_shashi\plus\main.c(41): warning C4996: 'strcpy': This function or variable may be unsafe. Consider using strcpy_s instead. To disable deprecation, use _CRT_SECURE_NO_WARNINGS. See online help for details.
                 c:\program files (x86)\microsoft visual studio 10.0\vc\include\string.h(105) : see declaration of 'strcpy'
     1>d:\ms\clemson_2017\clemson_ece_c88650674\ece_6310_intro_to_cv\class_12\lab4\code_shashi\plus\main.c(190): warning C4996: 'fopen': This function or variable may be unsafe. Consider using fopen_s instead. To disable deprecation, use _CRT_SECURE_NO_WARNINGS. See online help for details.
                 c:\program files (x86)\microsoft visual studio 10.0\vc\include\stdio.h(234) : see declaration of 'fopen'
     1>d:\ms\clemson_2017\clemson_ece_c88650674\ece_6310_intro_to_cv\class_12\lab4\code_shashi\plus\main.c(195): warning C4996: 'fscanf': This function or variable may be unsafe. Consider using fscanf_s instead. To disable deprecation, use _CRT_SECURE_NO_WARNINGS. See online help for details.
                 c:\program files (x86)\microsoft visual studio 10.0\vc\include\stdio.h(253) : see declaration of 'fscanf'
     1>d:\ms\clemson_2017\clemson_ece_c88650674\ece_6310_intro_to_cv\class_12\lab4\code_shashi\plus\main.c(233): warning C4996: 'sprintf': This function or variable may be unsafe. Consider using sprintf_s instead. To disable deprecation, use _CRT_SECURE_NO_WARNINGS. See online help for details.
                 c:\program files (x86)\microsoft visual studio 10.0\vc\include\stdio.h(371) : see declaration of 'sprintf'
     1>d:\ms\clemson_2017\clemson_ece_c88650674\ece_6310_intro_to_cv\class_12\lab4\code_shashi\plus\main.c(91): warning C4101: 'bSuccess' : unreferenced local variable
     1>d:\ms\clemson_2017\clemson_ece_c88650674\ece_6310_intro_to_cv\class_12\lab4\code_shashi\plus\main.c(92): warning C4101: 'nTimes' : unreferenced local variable
     1>d:\ms\clemson_2017\clemson_ece_c88650674\ece_6310_intro_to_cv\class_12\lab4\code_shashi\plus\main.c(384): warning C4996: 'sprintf': This function or variable may be unsafe. Consider using sprintf_s instead. To disable deprecation, use _CRT_SECURE_NO_WARNINGS. See online help for details.
                 c:\program files (x86)\microsoft visual studio 10.0\vc\include\stdio.h(371) : see declaration of 'sprintf'
       ResourceCompile:
         C:\Program Files (x86)\Microsoft SDKs\Windows\v7.0A\bin\rc.exe /D _DEBUG /D _VC80_UPGRADE=0x0600 /l"0x0409" /nologo /fo".\Debug\interface.res" interface.rc 
       ManifestResourceCompile:
         All outputs are up-to-date.
       Link:
         C:\Program Files (x86)\Microsoft Visual Studio 10.0\VC\bin\link.exe /ERRORREPORT:PROMPT /OUT:".\Debug/plus.exe" /INCREMENTAL /NOLOGO kernel32.lib user32.lib gdi32.lib winspool.lib comdlg32.lib advapi32.lib shell32.lib ole32.lib oleaut32.lib uuid.lib odbc32.lib odbccp32.lib /MANIFEST /ManifestFile:".\Debug\plus.exe.intermediate.manifest" /MANIFESTUAC:"level='asInvoker' uiAccess='false'" /DEBUG /PDB:".\Debug/plus.pdb" /SUBSYSTEM:WINDOWS /TLBID:1 /DYNAMICBASE /NXCOMPAT /IMPLIB:".\Debug\plus.lib" /MACHINE:X86 .\Debug\interface.res
         .\Debug\plus.exe.embed.manifest.res
         .\Debug/main.obj
         .\Debug/region_grow.obj
       Manifest:
         C:\Program Files (x86)\Microsoft SDKs\Windows\v7.0A\bin\mt.exe /nologo /verbose /out:".\Debug\plus.exe.embed.manifest" /manifest .\Debug\plus.exe.intermediate.manifest
         All outputs are up-to-date.
       LinkEmbedManifest:
         All outputs are up-to-date.
         plus.vcxproj -> D:\MS\Clemson_2017\Clemson_ECE_C88650674\ECE_6310_Intro_to_CV\Class_12\lab4\code_shashi\plus\.\Debug\plus.exe
       FinalizeBuildStatus:
         Deleting file ".\Debug\plus.unsuccessfulbuild".
         Touching ".\Debug\plus.lastbuildstate".
     1>Done Building Project "D:\MS\Clemson_2017\Clemson_ECE_C88650674\ECE_6310_Intro_to_CV\Class_12\lab4\code_shashi\plus\plus.vcxproj" (build target(s)).

Build succeeded.

Time Elapsed 00:00:01.19
